#
# A fatal error has been detected by the Java Runtime Environment:
#
#  Internal Error (javaCalls.cpp:51), pid=1976, tid=0x0000000000001b64
#  guarantee(thread->is_Java_thread()) failed: crucial check - the VM thread cannot and must not escape to Java code
#
# JRE version: Java(TM) SE Runtime Environment (8.0_201-b09) (build 1.8.0_201-b09)
# Java VM: Java HotSpot(TM) 64-Bit Server VM (25.201-b09 mixed mode windows-amd64 compressed oops)
# Failed to write core dump. Minidumps are not enabled by default on client versions of Windows
#
# If you would like to submit a bug report, please visit:
#   http://bugreport.java.com/bugreport/crash.jsp
#

---------------  T H R E A D  ---------------

Current thread (0x0000000005090800):  VMThread [stack: 0x0000000005fa0000,0x00000000060a0000] [id=7012]

Stack: [0x0000000005fa0000,0x00000000060a0000]
[error occurred during error reporting (printing stack bounds), id 0xc0000005]

Native frames: (J=compiled Java code, j=interpreted, Vv=VM code, C=native code)

VM_Operation (0x0000000006edf390): GetOrSetLocal, mode: safepoint, requested by thread 0x00000000061e1800


---------------  P R O C E S S  ---------------

Java Threads: ( => current thread )
  0x000000001fc47800 JavaThread "oracle.jdbc.driver.BlockSource.ThreadedCachingBlockSource.BlockReleaser" daemon [_thread_blocked, id=11108, stack(0x00000000215d0000,0x00000000216d0000)]
  0x000000001fb16000 JavaThread "TestNG-test=DB Test-1" [_thread_blocked, id=12884, stack(0x0000000020c20000,0x0000000020d20000)]
  0x000000001f9a9000 JavaThread "ReaderThread" [_thread_in_native, id=11460, stack(0x0000000020a70000,0x0000000020b70000)]
  0x000000000627b800 JavaThread "Service Thread" daemon [_thread_blocked, id=12144, stack(0x0000000007230000,0x0000000007330000)]
  0x000000000621b800 JavaThread "C1 CompilerThread2" daemon [_thread_blocked, id=1400, stack(0x0000000007350000,0x0000000007450000)]
  0x0000000006219000 JavaThread "C2 CompilerThread1" daemon [_thread_blocked, id=11748, stack(0x0000000007130000,0x0000000007230000)]
  0x0000000006215800 JavaThread "C2 CompilerThread0" daemon [_thread_blocked, id=12548, stack(0x0000000006930000,0x0000000006a30000)]
  0x00000000061ea000 JavaThread "JDWP Command Reader" daemon [_thread_in_native, id=12428, stack(0x0000000006fa0000,0x00000000070a0000)]
  0x00000000061e9000 JavaThread "JDWP Event Helper Thread" daemon [_thread_blocked, id=4300, stack(0x0000000006b80000,0x0000000006c80000)]
  0x00000000061e1800 JavaThread "JDWP Transport Listener: dt_socket" daemon [_thread_blocked, id=9248, stack(0x0000000006de0000,0x0000000006ee0000)]
  0x00000000061db000 JavaThread "Attach Listener" daemon [_thread_blocked, id=12192, stack(0x0000000006810000,0x0000000006910000)]
  0x00000000061d8800 JavaThread "Signal Dispatcher" daemon [_thread_blocked, id=12916, stack(0x0000000006700000,0x0000000006800000)]
  0x00000000050df800 JavaThread "Finalizer" daemon [_thread_blocked, id=13100, stack(0x00000000060d0000,0x00000000061d0000)]
  0x0000000005098000 JavaThread "Reference Handler" daemon [_thread_blocked, id=3716, stack(0x0000000005e70000,0x0000000005f70000)]
  0x0000000001f0d000 JavaThread "main" [_thread_blocked, id=11344, stack(0x00000000023a0000,0x00000000024a0000)]

Other Threads:
=>0x0000000005090800 VMThread [stack: 0x0000000005fa0000,0x00000000060a0000] [id=7012]
  0x00000000062ca000 WatcherThread [stack: 0x0000000007470000,0x0000000007570000] [id=12292]

VM state:at safepoint (normal execution)

VM Mutex/Monitor currently owned by a thread:  ([mutex/lock_event])
[0x0000000001f0b930] Threads_lock - owner thread: 0x0000000005090800

heap address: 0x00000006c1600000, size: 4074 MB, Compressed Oops mode: Zero based, Oop shift amount: 3
Narrow klass base: 0x0000000000000000, Narrow klass shift: 3
Compressed class space size: 1073741824 Address: 0x00000007c0000000

Heap:
 PSYoungGen      total 76288K, used 46893K [0x000000076b200000, 0x0000000770700000, 0x00000007c0000000)
  eden space 65536K, 71% used [0x000000076b200000,0x000000076dfcb410,0x000000076f200000)
  from space 10752K, 0% used [0x000000076fc80000,0x000000076fc80000,0x0000000770700000)
  to   space 10752K, 0% used [0x000000076f200000,0x000000076f200000,0x000000076fc80000)
 ParOldGen       total 112128K, used 8258K [0x00000006c1600000, 0x00000006c8380000, 0x000000076b200000)
  object space 112128K, 7% used [0x00000006c1600000,0x00000006c1e10b30,0x00000006c8380000)
 Metaspace       used 25420K, capacity 25774K, committed 25856K, reserved 1073152K
  class space    used 2945K, capacity 3051K, committed 3072K, reserved 1048576K

Card table byte_map: [0x0000000002b30000,0x0000000003330000] byte_map_base: 0xffffffffff525000

Marking Bits: (ParMarkBitMap*) 0x0000000008214ce0
 Begin Bits: [0x00000000172a0000, 0x000000001b248000)
 End Bits:   [0x000000001b248000, 0x000000001f1f0000)

Polling page: 0x0000000001cf0000

CodeCache: size=245760Kb used=7434Kb max_used=7464Kb free=238325Kb
 bounds [0x00000000082a0000, 0x0000000008a00000, 0x00000000172a0000]
 total_blobs=2679 nmethods=2192 adapters=407
 compilation: enabled

Compilation events (10 events):
Event: 15.389 Thread 0x000000000621b800 nmethod 2212 0x00000000089dfdd0 code [0x00000000089e0100, 0x00000000089e1bb8]
Event: 15.389 Thread 0x000000000621b800 2211       3       oracle.jdbc.driver.T4CMAREngineStream::unmarshalUB4 (8 bytes)
Event: 15.389 Thread 0x000000000621b800 nmethod 2211 0x00000000089d9110 code [0x00000000089d9280, 0x00000000089d94a8]
Event: 15.390 Thread 0x0000000006219000 2213       4       oracle.security.o5logon.a::a (51 bytes)
Event: 15.391 Thread 0x0000000006219000 nmethod 2213 0x00000000089ce250 code [0x00000000089ce380, 0x00000000089ce478]
Event: 15.391 Thread 0x0000000006219000 2214       4       oracle.security.o5logon.a::a (29 bytes)
Event: 15.392 Thread 0x0000000006219000 nmethod 2214 0x00000000089c6010 code [0x00000000089c6140, 0x00000000089c6198]
Event: 15.405 Thread 0x0000000006215800 nmethod 2198% 0x00000000089eb010 code [0x00000000089eb280, 0x00000000089efea8]
Event: 15.438 Thread 0x000000000621b800 2215       1       oracle.net.aso.r::b (3 bytes)
Event: 15.438 Thread 0x000000000621b800 nmethod 2215 0x00000000089d3d10 code [0x00000000089d3e60, 0x00000000089d3f70]

GC Heap History (6 events):
Event: 2.455 GC heap before
{Heap before GC invocations=1 (full 0):
 PSYoungGen      total 76288K, used 65536K [0x000000076b200000, 0x0000000770700000, 0x00000007c0000000)
  eden space 65536K, 100% used [0x000000076b200000,0x000000076f200000,0x000000076f200000)
  from space 10752K, 0% used [0x000000076fc80000,0x000000076fc80000,0x0000000770700000)
  to   space 10752K, 0% used [0x000000076f200000,0x000000076f200000,0x000000076fc80000)
 ParOldGen       total 175104K, used 0K [0x00000006c1600000, 0x00000006cc100000, 0x000000076b200000)
  object space 175104K, 0% used [0x00000006c1600000,0x00000006c1600000,0x00000006cc100000)
 Metaspace       used 14515K, capacity 14778K, committed 14848K, reserved 1062912K
  class space    used 1674K, capacity 1775K, committed 1792K, reserved 1048576K
Event: 2.466 GC heap after
Heap after GC invocations=1 (full 0):
 PSYoungGen      total 76288K, used 9161K [0x000000076b200000, 0x0000000770700000, 0x00000007c0000000)
  eden space 65536K, 0% used [0x000000076b200000,0x000000076b200000,0x000000076f200000)
  from space 10752K, 85% used [0x000000076f200000,0x000000076faf2480,0x000000076fc80000)
  to   space 10752K, 0% used [0x000000076fc80000,0x000000076fc80000,0x0000000770700000)
 ParOldGen       total 175104K, used 80K [0x00000006c1600000, 0x00000006cc100000, 0x000000076b200000)
  object space 175104K, 0% used [0x00000006c1600000,0x00000006c1614010,0x00000006cc100000)
 Metaspace       used 14515K, capacity 14778K, committed 14848K, reserved 1062912K
  class space    used 1674K, capacity 1775K, committed 1792K, reserved 1048576K
}
Event: 4.357 GC heap before
{Heap before GC invocations=2 (full 0):
 PSYoungGen      total 76288K, used 63422K [0x000000076b200000, 0x0000000770700000, 0x00000007c0000000)
  eden space 65536K, 82% used [0x000000076b200000,0x000000076e6fd480,0x000000076f200000)
  from space 10752K, 85% used [0x000000076f200000,0x000000076faf2480,0x000000076fc80000)
  to   space 10752K, 0% used [0x000000076fc80000,0x000000076fc80000,0x0000000770700000)
 ParOldGen       total 175104K, used 80K [0x00000006c1600000, 0x00000006cc100000, 0x000000076b200000)
  object space 175104K, 0% used [0x00000006c1600000,0x00000006c1614010,0x00000006cc100000)
 Metaspace       used 20831K, capacity 21168K, committed 21248K, reserved 1069056K
  class space    used 2382K, capacity 2498K, committed 2560K, reserved 1048576K
Event: 4.381 GC heap after
Heap after GC invocations=2 (full 0):
 PSYoungGen      total 76288K, used 8274K [0x000000076b200000, 0x0000000770700000, 0x00000007c0000000)
  eden space 65536K, 0% used [0x000000076b200000,0x000000076b200000,0x000000076f200000)
  from space 10752K, 76% used [0x000000076fc80000,0x0000000770494bf0,0x0000000770700000)
  to   space 10752K, 0% used [0x000000076f200000,0x000000076f200000,0x000000076fc80000)
 ParOldGen       total 175104K, used 224K [0x00000006c1600000, 0x00000006cc100000, 0x000000076b200000)
  object space 175104K, 0% used [0x00000006c1600000,0x00000006c1638020,0x00000006cc100000)
 Metaspace       used 20831K, capacity 21168K, committed 21248K, reserved 1069056K
  class space    used 2382K, capacity 2498K, committed 2560K, reserved 1048576K
}
Event: 4.381 GC heap before
{Heap before GC invocations=3 (full 1):
 PSYoungGen      total 76288K, used 8274K [0x000000076b200000, 0x0000000770700000, 0x00000007c0000000)
  eden space 65536K, 0% used [0x000000076b200000,0x000000076b200000,0x000000076f200000)
  from space 10752K, 76% used [0x000000076fc80000,0x0000000770494bf0,0x0000000770700000)
  to   space 10752K, 0% used [0x000000076f200000,0x000000076f200000,0x000000076fc80000)
 ParOldGen       total 175104K, used 224K [0x00000006c1600000, 0x00000006cc100000, 0x000000076b200000)
  object space 175104K, 0% used [0x00000006c1600000,0x00000006c1638020,0x00000006cc100000)
 Metaspace       used 20831K, capacity 21168K, committed 21248K, reserved 1069056K
  class space    used 2382K, capacity 2498K, committed 2560K, reserved 1048576K
Event: 4.432 GC heap after
Heap after GC invocations=3 (full 1):
 PSYoungGen      total 76288K, used 0K [0x000000076b200000, 0x0000000770700000, 0x00000007c0000000)
  eden space 65536K, 0% used [0x000000076b200000,0x000000076b200000,0x000000076f200000)
  from space 10752K, 0% used [0x000000076fc80000,0x000000076fc80000,0x0000000770700000)
  to   space 10752K, 0% used [0x000000076f200000,0x000000076f200000,0x000000076fc80000)
 ParOldGen       total 112128K, used 8258K [0x00000006c1600000, 0x00000006c8380000, 0x000000076b200000)
  object space 112128K, 7% used [0x00000006c1600000,0x00000006c1e10b30,0x00000006c8380000)
 Metaspace       used 20831K, capacity 21168K, committed 21248K, reserved 1069056K
  class space    used 2382K, capacity 2498K, committed 2560K, reserved 1048576K
}

Deoptimization events (10 events):
Event: 4.905 Thread 0x000000001fb16000 Uncommon trap: reason=unstable_if action=reinterpret pc=0x00000000087efad0 method=java.util.concurrent.ConcurrentHashMap.putVal(Ljava/lang/Object;Ljava/lang/Object;Z)Ljava/lang/Object; @ 181
Event: 12.504 Thread 0x000000001fb16000 Uncommon trap: reason=unstable_if action=reinterpret pc=0x00000000087eb550 method=java.lang.String.regionMatches(ZILjava/lang/String;II)Z @ 58
Event: 12.858 Thread 0x000000001fb16000 Uncommon trap: reason=predicate action=maybe_recompile pc=0x00000000088c9eb8 method=java.util.TreeMap.put(Ljava/lang/Object;Ljava/lang/Object;)Ljava/lang/Object; @ 132
Event: 13.039 Thread 0x000000001fb16000 Uncommon trap: reason=unstable_if action=reinterpret pc=0x00000000088c4544 method=java.io.ByteArrayInputStream.read([BII)I @ 70
Event: 13.134 Thread 0x000000001fb16000 Uncommon trap: reason=unstable_if action=reinterpret pc=0x00000000083b2c0c method=java.util.Arrays.equals([B[B)Z @ 12
Event: 13.225 Thread 0x000000001fb16000 Uncommon trap: reason=unstable_if action=reinterpret pc=0x000000000880fda4 method=java.lang.CharacterDataLatin1.digit(II)I @ 60
Event: 13.225 Thread 0x000000001fb16000 Uncommon trap: reason=unstable_if action=reinterpret pc=0x0000000008807834 method=java.lang.CharacterDataLatin1.digit(II)I @ 60
Event: 13.476 Thread 0x000000001fb16000 Uncommon trap: reason=unstable_if action=reinterpret pc=0x00000000087d47a4 method=java.lang.String$CaseInsensitiveComparator.compare(Ljava/lang/String;Ljava/lang/String;)I @ 70
Event: 14.058 Thread 0x000000001fb16000 Uncommon trap: reason=unstable_if action=reinterpret pc=0x00000000087d75d0 method=java.lang.StringBuffer.toString()Ljava/lang/String; @ 4
Event: 15.390 Thread 0x000000001fb16000 Uncommon trap: reason=unstable_if action=reinterpret pc=0x00000000087223bc method=java.lang.Integer.getChars(II[C)V @ 7

Classes redefined (4 events):
Event: 76.437 Thread 0x0000000005090800 redefined class name=businesscomponents.DBValidation, count=1
Event: 187.125 Thread 0x0000000005090800 redefined class name=businesscomponents.DBValidation, count=2
Event: 277.251 Thread 0x0000000005090800 redefined class name=businesscomponents.DBValidation, count=3
Event: 476.105 Thread 0x0000000005090800 redefined class name=businesscomponents.DBValidation, count=4

Internal exceptions (10 events):
Event: 3.022 Thread 0x000000001fb16000 Exception <a 'java/lang/ArrayIndexOutOfBoundsException': 71> (0x000000076caaf220) thrown at [C:\re\workspace\8-2-build-windows-amd64-cygwin\jdk8u201\12322\hotspot\src\share\vm\interpreter\interpreterRuntime.cpp, line 368]
Event: 3.032 Thread 0x000000001fb16000 Exception <a 'java/lang/ArrayIndexOutOfBoundsException': 38> (0x000000076cad5618) thrown at [C:\re\workspace\8-2-build-windows-amd64-cygwin\jdk8u201\12322\hotspot\src\share\vm\interpreter\interpreterRuntime.cpp, line 368]
Event: 3.033 Thread 0x000000001fb16000 Exception <a 'java/lang/ArrayIndexOutOfBoundsException': 55> (0x000000076cad7280) thrown at [C:\re\workspace\8-2-build-windows-amd64-cygwin\jdk8u201\12322\hotspot\src\share\vm\interpreter\interpreterRuntime.cpp, line 368]
Event: 3.043 Thread 0x000000001fb16000 Exception <a 'java/lang/ArrayIndexOutOfBoundsException': 38> (0x000000076cafd270) thrown at [C:\re\workspace\8-2-build-windows-amd64-cygwin\jdk8u201\12322\hotspot\src\share\vm\interpreter\interpreterRuntime.cpp, line 368]
Event: 3.046 Thread 0x000000001fb16000 Exception <a 'java/lang/ArrayIndexOutOfBoundsException': 49> (0x000000076cb0b4b8) thrown at [C:\re\workspace\8-2-build-windows-amd64-cygwin\jdk8u201\12322\hotspot\src\share\vm\interpreter\interpreterRuntime.cpp, line 368]
Event: 3.103 Thread 0x000000001fb16000 Exception <a 'java/lang/NoClassDefFoundError': oracle/security/pki/OraclePKIProvider> (0x000000076cd3c098) thrown at [C:\re\workspace\8-2-build-windows-amd64-cygwin\jdk8u201\12322\hotspot\src\share\vm\classfile\systemDictionary.cpp, line 199]
Event: 3.257 Thread 0x000000001fb16000 Implicit null exception at 0x0000000008720c74 to 0x0000000008720f05
Event: 3.258 Thread 0x000000001fb16000 Implicit null exception at 0x00000000087a3198 to 0x00000000087a3226
Event: 13.073 Thread 0x000000001fb16000 Exception <a 'java/io/FileNotFoundException'> (0x000000076c0d9958) thrown at [C:\re\workspace\8-2-build-windows-amd64-cygwin\jdk8u201\12322\hotspot\src\share\vm\prims\jni.cpp, line 709]
Event: 13.134 Thread 0x000000001fb16000 Implicit null exception at 0x00000000083b2a9d to 0x00000000083b2bf9

Events (10 events):
Event: 476.810 Executing VM operation: ChangeBreakpoints done
Event: 477.730 Executing VM operation: GetCurrentContendedMonitor
Event: 477.730 Executing VM operation: GetCurrentContendedMonitor done
Event: 477.731 Executing VM operation: GetOwnedMonitorInfo
Event: 477.732 Executing VM operation: GetOwnedMonitorInfo done
Event: 478.517 Executing VM operation: GetOwnedMonitorInfo
Event: 478.517 Executing VM operation: GetOwnedMonitorInfo done
Event: 478.518 Executing VM operation: GetCurrentContendedMonitor
Event: 478.518 Executing VM operation: GetCurrentContendedMonitor done
Event: 478.525 Executing VM operation: GetOrSetLocal


Dynamic libraries:
0x000000013f170000 - 0x000000013f1a7000 	C:\Program Files\Java\jre1.8.0_201\bin\javaw.exe
0x0000000077270000 - 0x000000007740f000 	C:\WINDOWS\SYSTEM32\ntdll.dll
0x0000000077050000 - 0x000000007716f000 	C:\WINDOWS\system32\kernel32.dll
0x000007fefce20000 - 0x000007fefce87000 	C:\WINDOWS\system32\KERNELBASE.dll
0x0000000074ab0000 - 0x0000000074b3e000 	C:\WINDOWS\System32\SYSFER.DLL
0x000007fefeec0000 - 0x000007fefef9b000 	C:\WINDOWS\system32\ADVAPI32.dll
0x000007fefe8c0000 - 0x000007fefe95f000 	C:\WINDOWS\system32\msvcrt.dll
0x000007fefd530000 - 0x000007fefd54f000 	C:\WINDOWS\SYSTEM32\sechost.dll
0x000007fefeae0000 - 0x000007fefec0c000 	C:\WINDOWS\system32\RPCRT4.dll
0x000000006d690000 - 0x000000006d9b5000 	C:\ProgramData\Symantec\Symantec Endpoint Protection\14.0.2415.0200.105\Data\Definitions\IPSDefs\20191008.061\IPSEng64.dll
0x0000000077420000 - 0x0000000077427000 	C:\WINDOWS\system32\PSAPI.DLL
0x0000000077170000 - 0x000000007726a000 	C:\WINDOWS\system32\USER32.dll
0x000007fefec70000 - 0x000007fefecd7000 	C:\WINDOWS\system32\GDI32.dll
0x000007fefe960000 - 0x000007fefe96e000 	C:\WINDOWS\system32\LPK.dll
0x000007fefea10000 - 0x000007fefeadb000 	C:\WINDOWS\system32\USP10.dll
0x000007fefb380000 - 0x000007fefb575000 	C:\WINDOWS\WinSxS\amd64_microsoft.windows.common-controls_6595b64144ccf1df_6.0.7601.24483_none_e372d88f30fbb845\COMCTL32.dll
0x000007fefd840000 - 0x000007fefd8b1000 	C:\WINDOWS\system32\SHLWAPI.dll
0x000007fef3cb0000 - 0x000007fef3cb3000 	C:\WINDOWS\system32\api-ms-win-core-synch-l1-2-0.DLL
0x000007fefe890000 - 0x000007fefe8be000 	C:\WINDOWS\system32\IMM32.DLL
0x000007feff450000 - 0x000007feff55b000 	C:\WINDOWS\system32\MSCTF.dll
0x0000000078b10000 - 0x0000000078be1000 	C:\Program Files\Java\jre1.8.0_201\bin\msvcr100.dll
0x00000000079f0000 - 0x0000000008294000 	C:\Program Files\Java\jre1.8.0_201\bin\server\jvm.dll
0x000007fef82b0000 - 0x000007fef82b9000 	C:\WINDOWS\system32\WSOCK32.dll
0x000007fefd7f0000 - 0x000007fefd83d000 	C:\WINDOWS\system32\WS2_32.dll
0x000007fefd8c0000 - 0x000007fefd8c8000 	C:\WINDOWS\system32\NSI.dll
0x000007fefae50000 - 0x000007fefae8b000 	C:\WINDOWS\system32\WINMM.dll
0x000007fefbe90000 - 0x000007fefbe9c000 	C:\WINDOWS\system32\VERSION.dll
0x000007fef5ed0000 - 0x000007fef5edf000 	C:\Program Files\Java\jre1.8.0_201\bin\verify.dll
0x000007fee7b80000 - 0x000007fee7ba9000 	C:\Program Files\Java\jre1.8.0_201\bin\java.dll
0x000007fee7be0000 - 0x000007fee7c15000 	C:\Program Files\Java\jre1.8.0_201\bin\jdwp.dll
0x000007fef5e90000 - 0x000007fef5e98000 	C:\Program Files\Java\jre1.8.0_201\bin\npt.dll
0x000007fee9db0000 - 0x000007fee9dc6000 	C:\Program Files\Java\jre1.8.0_201\bin\zip.dll
0x000007fefda80000 - 0x000007fefe80b000 	C:\WINDOWS\system32\SHELL32.dll
0x000007fefd5f0000 - 0x000007fefd7ef000 	C:\WINDOWS\system32\ole32.dll
0x000007fefcdc0000 - 0x000007fefcdcf000 	C:\WINDOWS\system32\profapi.dll
0x000007fee7b70000 - 0x000007fee7b79000 	C:\Program Files\Java\jre1.8.0_201\bin\dt_socket.dll
0x000007fefa950000 - 0x000007fefa965000 	C:\WINDOWS\system32\NLAapi.dll
0x000007fef56d0000 - 0x000007fef56e5000 	C:\WINDOWS\system32\napinsp.dll
0x000007fef56b0000 - 0x000007fef56c9000 	C:\WINDOWS\system32\pnrpnsp.dll
0x000007fefc660000 - 0x000007fefc6b5000 	C:\WINDOWS\System32\mswsock.dll
0x000007fefc320000 - 0x000007fefc37b000 	C:\WINDOWS\system32\DNSAPI.dll
0x000007fef5660000 - 0x000007fef566b000 	C:\WINDOWS\System32\winrnr.dll
0x000007fef5650000 - 0x000007fef5660000 	C:\WINDOWS\system32\wshbth.dll
0x000007fefa5d0000 - 0x000007fefa5f7000 	C:\WINDOWS\system32\IPHLPAPI.DLL
0x000007fefa5c0000 - 0x000007fefa5cb000 	C:\WINDOWS\system32\WINNSI.DLL
0x000007fef9e10000 - 0x000007fef9e63000 	C:\WINDOWS\System32\fwpuclnt.dll
0x000007fef6080000 - 0x000007fef6088000 	C:\WINDOWS\system32\rasadhlp.dll
0x000007fefbf60000 - 0x000007fefbf67000 	C:\WINDOWS\System32\wshtcpip.dll
0x000007fee8e60000 - 0x000007fee8e7a000 	C:\Program Files\Java\jre1.8.0_201\bin\net.dll
0x000007fefd8f0000 - 0x000007fefda7b000 	C:\WINDOWS\system32\urlmon.dll
0x000007fefd060000 - 0x000007fefd064000 	C:\WINDOWS\system32\api-ms-win-downlevel-ole32-l1-1-0.dll
0x000007fefcea0000 - 0x000007fefcea4000 	C:\WINDOWS\system32\api-ms-win-downlevel-shlwapi-l1-1-0.dll
0x000007fefce90000 - 0x000007fefce95000 	C:\WINDOWS\system32\api-ms-win-downlevel-advapi32-l1-1-0.dll
0x000007fefcde0000 - 0x000007fefcde4000 	C:\WINDOWS\system32\api-ms-win-downlevel-user32-l1-1-0.dll
0x000007fefd170000 - 0x000007fefd174000 	C:\WINDOWS\system32\api-ms-win-downlevel-version-l1-1-0.dll
0x000007fefcdf0000 - 0x000007fefcdf3000 	C:\WINDOWS\system32\api-ms-win-downlevel-normaliz-l1-1-0.dll
0x0000000077410000 - 0x0000000077413000 	C:\WINDOWS\system32\normaliz.DLL
0x000007fefd260000 - 0x000007fefd52c000 	C:\WINDOWS\system32\iertutil.dll
0x000007fefefa0000 - 0x000007feff44c000 	C:\WINDOWS\system32\WININET.dll
0x000007fefd070000 - 0x000007fefd08f000 	C:\WINDOWS\system32\USERENV.dll
0x000007fefc6f0000 - 0x000007fefc6f7000 	C:\WINDOWS\System32\wship6.dll
0x000007fefc6c0000 - 0x000007fefc6d8000 	C:\WINDOWS\system32\CRYPTSP.dll
0x000007fefc270000 - 0x000007fefc2b7000 	C:\WINDOWS\system32\rsaenh.dll
0x000007fefcc00000 - 0x000007fefcc0f000 	C:\WINDOWS\system32\CRYPTBASE.dll
0x000007fef9de0000 - 0x000007fef9df8000 	C:\WINDOWS\system32\dhcpcsvc.DLL
0x000007fef9dc0000 - 0x000007fef9dd1000 	C:\WINDOWS\system32\dhcpcsvc6.DLL
0x000007fee8bf0000 - 0x000007fee8c01000 	C:\Program Files\Java\jre1.8.0_201\bin\nio.dll
0x000007fee7960000 - 0x000007fee796d000 	C:\Program Files\Java\jre1.8.0_201\bin\management.dll
0x000007fef5e00000 - 0x000007fef5e24000 	C:\Program Files\Java\jre1.8.0_201\bin\sunec.dll
0x000007fef5ee0000 - 0x000007fef5eeb000 	C:\Program Files\Java\jre1.8.0_201\bin\sunmscapi.dll
0x000007fefcef0000 - 0x000007fefd05d000 	C:\WINDOWS\system32\CRYPT32.dll
0x000007fefcdd0000 - 0x000007fefcddf000 	C:\WINDOWS\system32\MSASN1.dll

VM Arguments:
jvm_args: -agentlib:jdwp=transport=dt_socket,suspend=y,address=localhost:55810 -ea -Dfile.encoding=Cp1252 
java_command: org.testng.remote.RemoteTestNG -serport 55809 -protocol json -d C:\Intel\SCM\Craft-SCM-na\test-output C:\Intel\SCM\Craft-SCM-na\src\test\resources\testng_InventoryCheck.xml
java_class_path (initial): C:\Users\gsamota\eclipse\java-2018-12\eclipse\configuration\org.eclipse.osgi\481\0\.cp\lib\testng-remote.jar;C:\Intel\SCM\Craft-SCM-na\target\test-classes;C:\Intel\SCM\Craft-SCM-na\target\classes;C:\Users\gsamota\.m2\repository\javax\ws\rs\jsr311-api\1.1.1\jsr311-api-1.1.1.jar;C:\Users\gsamota\.m2\repository\javax\ws\rs\javax.ws.rs-api\2.0\javax.ws.rs-api-2.0.jar;C:\Users\gsamota\.m2\repository\javax\xml\bind\jaxb-api\2.3.0\jaxb-api-2.3.0.jar;C:\Users\gsamota\.m2\repository\org\seleniumhq\selenium\selenium-java\3.12.0\selenium-java-3.12.0.jar;C:\Users\gsamota\.m2\repository\org\seleniumhq\selenium\selenium-api\3.12.0\selenium-api-3.12.0.jar;C:\Users\gsamota\.m2\repository\org\seleniumhq\selenium\selenium-chrome-driver\3.12.0\selenium-chrome-driver-3.12.0.jar;C:\Users\gsamota\.m2\repository\org\seleniumhq\selenium\selenium-remote-driver\3.12.0\selenium-remote-driver-3.12.0.jar;C:\Users\gsamota\.m2\repository\net\bytebuddy\byte-buddy\1.8.3\byte-buddy-1.8.3.jar;C:\Users\gsamota\.m2\repository\org\apache\commons\commons-exec\1.3\commons-exec-1.3.jar;C:\Users\gsamota\.m2\repository\commons-codec\commons-codec\1.11\commons-codec-1.11.jar;C:\Users\gsamota\.m2\repository\commons-logging\commons-logging\1.2\commons-logging-1.2.jar;C:\Users\gsamota\.m2\repository\com\google\code\gson\gson\2.8.2\gson-2.8.2.jar;C:\Users\gsamota\.m2\repository\com\google\guava\guava\23.6-jre\guava-23.6-jre.jar;C:\Users\gsamota\.m2\repository\com\google\code\findbugs\jsr305\1.3.9\jsr305-1.3.9.jar;C:\Users\gsamota\.m2\repository\org\checkerframework\checker-compat-qual\2.0.0\checker-compat-qual-2.0.0.jar;C:\Users\gsamota\.m2\repository\com\google\errorprone\error_prone_annotations\2.1.3\error_prone_annotations-2.1.3.jar;C:\Users\gsamota\.m2\repository\com\google\j2objc\j2objc-annotations\1.1\j2objc-annotations-1.1.jar;C:\Users\gsamota\.m2\repository\org\codehaus\mojo\animal-sniffer-annotations\1.14\animal-sniffer-annotations-1.14.jar;C:\Users\gsamota\.m2\repository\org
Launcher Type: SUN_STANDARD

Environment Variables:
JAVA_HOME=C:\Program Files\Java\jdk1.8.0_201
PATH=C:/Program Files/Java/jre1.8.0_201/bin/server;C:/Program Files/Java/jre1.8.0_201/bin;C:/Program Files/Java/jre1.8.0_201/lib/amd64;C:\Program Files (x86)\Common Files\Oracle\Java\javapath;C:\Program Files (x86)\RSA SecurID Token Common;C:\WINDOWS\system32;C:\WINDOWS;C:\WINDOWS\System32\Wbem;C:\WINDOWS\System32\WindowsPowerShell\v1.0\;C:\WINDOWS\CCM;%MAVEN_HOME%\bin;%JAVA_HOME\bin;C:\apache-maven-3.6.0-bin\apache-maven-3.6.0\bin;C:\Program Files\Mozilla Firefox\firefox.exe;C:\Program Files\dotnet\;C:\Program Files\Microsoft SQL Server\130\Tools\Binn\;C:\Program Files (x86)\Common Files\Oracle\Java\javapath;C:\Program Files (x86)\RSA SecurID Token Common;C:\WINDOWS\system32;C:\WINDOWS;C:\WINDOWS\System32\Wbem;C:\WINDOWS\System32\WindowsPowerShell\v1.0\;C:\WINDOWS\CCM;C:\apache-maven-3.6.0-bin\apache-maven-3.6.0\bin;%JAVA_HOME\bin;C:\apache-maven-3.6.0-bin\apache-maven-3.6.0\bin;C:\Users\gsamota\AppData\Local\Mozilla Firefox\firefox.exe;C:\Users\gsamota\AppData\Local\GitHubDesktop\bin;C:\Users\gsamota\AppData\Local\Programs\Fiddler;C:\Users\gsamota\AppData\Roaming\Microsoft\Windows\Start Menu\Programs\Eclipse;
USERNAME=gsamota
OS=Windows_NT
PROCESSOR_IDENTIFIER=Intel64 Family 6 Model 69 Stepping 1, GenuineIntel



---------------  S Y S T E M  ---------------

OS: Windows 7 , 64 bit Build 7601 (6.1.7601.24520)

CPU:total 4 (initial active 4) (2 cores per cpu, 2 threads per core) family 6 model 69 stepping 1, cmov, cx8, fxsr, mmx, sse, sse2, sse3, ssse3, sse4.1, sse4.2, popcnt, avx, avx2, aes, clmul, erms, lzcnt, ht, tsc, tscinvbit, bmi1, bmi2

Memory: 4k page, physical 16680296k(7550396k free), swap 33358692k(22481240k free)

vm_info: Java HotSpot(TM) 64-Bit Server VM (25.201-b09) for windows-amd64 JRE (1.8.0_201-b09), built on Dec 15 2018 18:36:39 by "java_re" with MS VC++ 10.0 (VS2010)

time: Wed Oct 09 16:42:38 2019
timezone: Pacific Daylight Time
elapsed time: 478 seconds (0d 0h 7m 58s)

